[2020-09-25 23:04:26,757] INFO [Controller id=0 epoch=9] Sending UpdateMetadata request to brokers Set(0) for 0 partitions (state.change.logger)
[2020-09-25 23:04:26,945] INFO [Controller id=0 epoch=9] Sending LeaderAndIsr request to broker 0 with 58 become-leader and 0 become-follower partitions (state.change.logger)
[2020-09-25 23:04:26,956] INFO [Controller id=0 epoch=9] Sending UpdateMetadata request to brokers Set(0) for 58 partitions (state.change.logger)
[2020-09-25 23:04:27,107] INFO [Broker id=0] Handling LeaderAndIsr request correlationId 1 from controller 0 for 58 partitions (state.change.logger)
[2020-09-25 23:04:27,190] INFO [Broker id=0] Stopped fetchers as part of LeaderAndIsr request correlationId 1 from controller 0 epoch 9 as part of the become-leader transition for 58 partitions (state.change.logger)
[2020-09-25 23:04:27,209] INFO [Broker id=0] Leader __consumer_offsets-0 starts at leader epoch 0 from offset 0 with high watermark 0 ISR [0] addingReplicas [] removingReplicas []. Previous leader epoch was -1. (state.change.logger)
[2020-09-25 23:04:27,220] INFO [Broker id=0] Leader __consumer_offsets-48 starts at leader epoch 0 from offset 0 with high watermark 0 ISR [0] addingReplicas [] removingReplicas []. Previous leader epoch was -1. (state.change.logger)
[2020-09-25 23:04:27,222] INFO [Broker id=0] Leader __consumer_offsets-29 starts at leader epoch 0 from offset 3 with high watermark 3 ISR [0] addingReplicas [] removingReplicas []. Previous leader epoch was -1. (state.change.logger)
[2020-09-25 23:04:27,222] INFO [Broker id=0] Leader streams-wordcount-KSTREAM-AGGREGATE-STATE-STORE-0000000003-repartition-0 starts at leader epoch 0 from offset 637 with high watermark 637 ISR [0] addingReplicas [] removingReplicas []. Previous leader epoch was -1. (state.change.logger)
[2020-09-25 23:04:27,225] INFO [Broker id=0] Leader __consumer_offsets-10 starts at leader epoch 0 from offset 0 with high watermark 0 ISR [0] addingReplicas [] removingReplicas []. Previous leader epoch was -1. (state.change.logger)
[2020-09-25 23:04:27,232] INFO [Broker id=0] Leader __consumer_offsets-45 starts at leader epoch 0 from offset 0 with high watermark 0 ISR [0] addingReplicas [] removingReplicas []. Previous leader epoch was -1. (state.change.logger)
[2020-09-25 23:04:27,236] INFO [Broker id=0] Leader __consumer_offsets-26 starts at leader epoch 0 from offset 0 with high watermark 0 ISR [0] addingReplicas [] removingReplicas []. Previous leader epoch was -1. (state.change.logger)
[2020-09-25 23:04:27,238] INFO [Broker id=0] Leader streams-wordcount-output-0 starts at leader epoch 0 from offset 637 with high watermark 637 ISR [0] addingReplicas [] removingReplicas []. Previous leader epoch was -1. (state.change.logger)
[2020-09-25 23:04:27,239] INFO [Broker id=0] Leader __consumer_offsets-7 starts at leader epoch 0 from offset 0 with high watermark 0 ISR [0] addingReplicas [] removingReplicas []. Previous leader epoch was -1. (state.change.logger)
[2020-09-25 23:04:27,241] INFO [Broker id=0] Leader __consumer_offsets-42 starts at leader epoch 0 from offset 0 with high watermark 0 ISR [0] addingReplicas [] removingReplicas []. Previous leader epoch was -1. (state.change.logger)
[2020-09-25 23:04:27,242] INFO [Broker id=0] Leader streams-wordcount-KSTREAM-AGGREGATE-STATE-STORE-0000000003-changelog-0 starts at leader epoch 0 from offset 637 with high watermark 637 ISR [0] addingReplicas [] removingReplicas []. Previous leader epoch was -1. (state.change.logger)
[2020-09-25 23:04:27,243] INFO [Broker id=0] Leader __consumer_offsets-4 starts at leader epoch 0 from offset 0 with high watermark 0 ISR [0] addingReplicas [] removingReplicas []. Previous leader epoch was -1. (state.change.logger)
[2020-09-25 23:04:27,245] INFO [Broker id=0] Leader __consumer_offsets-23 starts at leader epoch 0 from offset 0 with high watermark 0 ISR [0] addingReplicas [] removingReplicas []. Previous leader epoch was -1. (state.change.logger)
[2020-09-25 23:04:27,247] INFO [Broker id=0] Leader yo-0 starts at leader epoch 0 from offset 1 with high watermark 1 ISR [0] addingReplicas [] removingReplicas []. Previous leader epoch was -1. (state.change.logger)
[2020-09-25 23:04:27,248] INFO [Broker id=0] Leader __consumer_offsets-1 starts at leader epoch 0 from offset 0 with high watermark 0 ISR [0] addingReplicas [] removingReplicas []. Previous leader epoch was -1. (state.change.logger)
[2020-09-25 23:04:27,250] INFO [Broker id=0] Leader __consumer_offsets-39 starts at leader epoch 0 from offset 0 with high watermark 0 ISR [0] addingReplicas [] removingReplicas []. Previous leader epoch was -1. (state.change.logger)
[2020-09-25 23:04:27,252] INFO [Broker id=0] Leader __consumer_offsets-20 starts at leader epoch 0 from offset 0 with high watermark 0 ISR [0] addingReplicas [] removingReplicas []. Previous leader epoch was -1. (state.change.logger)
[2020-09-25 23:04:27,254] INFO [Broker id=0] Leader __consumer_offsets-17 starts at leader epoch 0 from offset 0 with high watermark 0 ISR [0] addingReplicas [] removingReplicas []. Previous leader epoch was -1. (state.change.logger)
[2020-09-25 23:04:27,257] INFO [Broker id=0] Leader __consumer_offsets-36 starts at leader epoch 0 from offset 0 with high watermark 0 ISR [0] addingReplicas [] removingReplicas []. Previous leader epoch was -1. (state.change.logger)
[2020-09-25 23:04:27,259] INFO [Broker id=0] Leader __consumer_offsets-14 starts at leader epoch 0 from offset 0 with high watermark 0 ISR [0] addingReplicas [] removingReplicas []. Previous leader epoch was -1. (state.change.logger)
[2020-09-25 23:04:27,262] INFO [Broker id=0] Leader __consumer_offsets-33 starts at leader epoch 0 from offset 3 with high watermark 3 ISR [0] addingReplicas [] removingReplicas []. Previous leader epoch was -1. (state.change.logger)
[2020-09-25 23:04:27,263] INFO [Broker id=0] Leader hello-0 starts at leader epoch 0 from offset 3 with high watermark 3 ISR [0] addingReplicas [] removingReplicas []. Previous leader epoch was -1. (state.change.logger)
[2020-09-25 23:04:27,264] INFO [Broker id=0] Leader __consumer_offsets-49 starts at leader epoch 0 from offset 0 with high watermark 0 ISR [0] addingReplicas [] removingReplicas []. Previous leader epoch was -1. (state.change.logger)
[2020-09-25 23:04:27,267] INFO [Broker id=0] Leader __consumer_offsets-11 starts at leader epoch 0 from offset 0 with high watermark 0 ISR [0] addingReplicas [] removingReplicas []. Previous leader epoch was -1. (state.change.logger)
[2020-09-25 23:04:27,269] INFO [Broker id=0] Leader __consumer_offsets-30 starts at leader epoch 0 from offset 0 with high watermark 0 ISR [0] addingReplicas [] removingReplicas []. Previous leader epoch was -1. (state.change.logger)
[2020-09-25 23:04:27,271] INFO [Broker id=0] Leader streams-plaintext-input-0 starts at leader epoch 0 from offset 35 with high watermark 35 ISR [0] addingReplicas [] removingReplicas []. Previous leader epoch was -1. (state.change.logger)
[2020-09-25 23:04:27,272] INFO [Broker id=0] Leader __consumer_offsets-46 starts at leader epoch 0 from offset 0 with high watermark 0 ISR [0] addingReplicas [] removingReplicas []. Previous leader epoch was -1. (state.change.logger)
[2020-09-25 23:04:27,274] INFO [Broker id=0] Leader __consumer_offsets-27 starts at leader epoch 0 from offset 0 with high watermark 0 ISR [0] addingReplicas [] removingReplicas []. Previous leader epoch was -1. (state.change.logger)
[2020-09-25 23:04:27,277] INFO [Broker id=0] Leader __consumer_offsets-8 starts at leader epoch 0 from offset 0 with high watermark 0 ISR [0] addingReplicas [] removingReplicas []. Previous leader epoch was -1. (state.change.logger)
[2020-09-25 23:04:27,281] INFO [Broker id=0] Leader __consumer_offsets-24 starts at leader epoch 0 from offset 0 with high watermark 0 ISR [0] addingReplicas [] removingReplicas []. Previous leader epoch was -1. (state.change.logger)
[2020-09-25 23:04:27,283] INFO [Broker id=0] Leader __consumer_offsets-43 starts at leader epoch 0 from offset 0 with high watermark 0 ISR [0] addingReplicas [] removingReplicas []. Previous leader epoch was -1. (state.change.logger)
[2020-09-25 23:04:27,285] INFO [Broker id=0] Leader __consumer_offsets-5 starts at leader epoch 0 from offset 0 with high watermark 0 ISR [0] addingReplicas [] removingReplicas []. Previous leader epoch was -1. (state.change.logger)
[2020-09-25 23:04:27,286] INFO [Broker id=0] Leader __consumer_offsets-21 starts at leader epoch 0 from offset 0 with high watermark 0 ISR [0] addingReplicas [] removingReplicas []. Previous leader epoch was -1. (state.change.logger)
[2020-09-25 23:04:27,288] INFO [Broker id=0] Leader __consumer_offsets-2 starts at leader epoch 0 from offset 0 with high watermark 0 ISR [0] addingReplicas [] removingReplicas []. Previous leader epoch was -1. (state.change.logger)
[2020-09-25 23:04:27,290] INFO [Broker id=0] Leader __consumer_offsets-40 starts at leader epoch 0 from offset 0 with high watermark 0 ISR [0] addingReplicas [] removingReplicas []. Previous leader epoch was -1. (state.change.logger)
[2020-09-25 23:04:27,296] INFO [Broker id=0] Leader __consumer_offsets-37 starts at leader epoch 0 from offset 0 with high watermark 0 ISR [0] addingReplicas [] removingReplicas []. Previous leader epoch was -1. (state.change.logger)
[2020-09-25 23:04:27,302] INFO [Broker id=0] Leader __consumer_offsets-18 starts at leader epoch 0 from offset 3 with high watermark 3 ISR [0] addingReplicas [] removingReplicas []. Previous leader epoch was -1. (state.change.logger)
[2020-09-25 23:04:27,303] INFO [Broker id=0] Leader my-topic-0 starts at leader epoch 0 from offset 2 with high watermark 2 ISR [0] addingReplicas [] removingReplicas []. Previous leader epoch was -1. (state.change.logger)
[2020-09-25 23:04:27,303] INFO [Broker id=0] Leader __consumer_offsets-34 starts at leader epoch 0 from offset 0 with high watermark 0 ISR [0] addingReplicas [] removingReplicas []. Previous leader epoch was -1. (state.change.logger)
[2020-09-25 23:04:27,305] INFO [Broker id=0] Leader __consumer_offsets-15 starts at leader epoch 0 from offset 3 with high watermark 3 ISR [0] addingReplicas [] removingReplicas []. Previous leader epoch was -1. (state.change.logger)
[2020-09-25 23:04:27,306] INFO [Broker id=0] Leader __consumer_offsets-12 starts at leader epoch 0 from offset 0 with high watermark 0 ISR [0] addingReplicas [] removingReplicas []. Previous leader epoch was -1. (state.change.logger)
[2020-09-25 23:04:27,307] INFO [Broker id=0] Leader __consumer_offsets-31 starts at leader epoch 0 from offset 0 with high watermark 0 ISR [0] addingReplicas [] removingReplicas []. Previous leader epoch was -1. (state.change.logger)
[2020-09-25 23:04:27,311] INFO [Broker id=0] Leader __consumer_offsets-9 starts at leader epoch 0 from offset 0 with high watermark 0 ISR [0] addingReplicas [] removingReplicas []. Previous leader epoch was -1. (state.change.logger)
[2020-09-25 23:04:27,317] INFO [Broker id=0] Leader __consumer_offsets-47 starts at leader epoch 0 from offset 0 with high watermark 0 ISR [0] addingReplicas [] removingReplicas []. Previous leader epoch was -1. (state.change.logger)
[2020-09-25 23:04:27,328] INFO [Broker id=0] Leader __consumer_offsets-19 starts at leader epoch 0 from offset 0 with high watermark 0 ISR [0] addingReplicas [] removingReplicas []. Previous leader epoch was -1. (state.change.logger)
[2020-09-25 23:04:27,330] INFO [Broker id=0] Leader __consumer_offsets-28 starts at leader epoch 0 from offset 0 with high watermark 0 ISR [0] addingReplicas [] removingReplicas []. Previous leader epoch was -1. (state.change.logger)
[2020-09-25 23:04:27,334] INFO [Broker id=0] Leader __consumer_offsets-38 starts at leader epoch 0 from offset 0 with high watermark 0 ISR [0] addingReplicas [] removingReplicas []. Previous leader epoch was -1. (state.change.logger)
[2020-09-25 23:04:27,336] INFO [Broker id=0] Leader __consumer_offsets-35 starts at leader epoch 0 from offset 15 with high watermark 15 ISR [0] addingReplicas [] removingReplicas []. Previous leader epoch was -1. (state.change.logger)
[2020-09-25 23:04:27,337] INFO [Broker id=0] Leader __consumer_offsets-44 starts at leader epoch 0 from offset 0 with high watermark 0 ISR [0] addingReplicas [] removingReplicas []. Previous leader epoch was -1. (state.change.logger)
[2020-09-25 23:04:27,339] INFO [Broker id=0] Leader __consumer_offsets-6 starts at leader epoch 0 from offset 0 with high watermark 0 ISR [0] addingReplicas [] removingReplicas []. Previous leader epoch was -1. (state.change.logger)
[2020-09-25 23:04:27,341] INFO [Broker id=0] Leader __consumer_offsets-25 starts at leader epoch 0 from offset 0 with high watermark 0 ISR [0] addingReplicas [] removingReplicas []. Previous leader epoch was -1. (state.change.logger)
[2020-09-25 23:04:27,343] INFO [Broker id=0] Leader __consumer_offsets-16 starts at leader epoch 0 from offset 0 with high watermark 0 ISR [0] addingReplicas [] removingReplicas []. Previous leader epoch was -1. (state.change.logger)
[2020-09-25 23:04:27,345] INFO [Broker id=0] Leader __consumer_offsets-22 starts at leader epoch 0 from offset 0 with high watermark 0 ISR [0] addingReplicas [] removingReplicas []. Previous leader epoch was -1. (state.change.logger)
[2020-09-25 23:04:27,347] INFO [Broker id=0] Leader __consumer_offsets-41 starts at leader epoch 0 from offset 0 with high watermark 0 ISR [0] addingReplicas [] removingReplicas []. Previous leader epoch was -1. (state.change.logger)
[2020-09-25 23:04:27,350] INFO [Broker id=0] Leader __consumer_offsets-32 starts at leader epoch 0 from offset 0 with high watermark 0 ISR [0] addingReplicas [] removingReplicas []. Previous leader epoch was -1. (state.change.logger)
[2020-09-25 23:04:27,351] INFO [Broker id=0] Leader __consumer_offsets-3 starts at leader epoch 0 from offset 3 with high watermark 3 ISR [0] addingReplicas [] removingReplicas []. Previous leader epoch was -1. (state.change.logger)
[2020-09-25 23:04:27,352] INFO [Broker id=0] Leader quickstart-events-0 starts at leader epoch 0 from offset 3 with high watermark 3 ISR [0] addingReplicas [] removingReplicas []. Previous leader epoch was -1. (state.change.logger)
[2020-09-25 23:04:27,352] INFO [Broker id=0] Leader __consumer_offsets-13 starts at leader epoch 0 from offset 3 with high watermark 3 ISR [0] addingReplicas [] removingReplicas []. Previous leader epoch was -1. (state.change.logger)
[2020-09-25 23:04:27,458] INFO [Broker id=0] Add 58 partitions and deleted 0 partitions from metadata cache in response to UpdateMetadata request sent by controller 0 epoch 9 with correlation id 2 (state.change.logger)
[2020-09-25 23:04:35,125] INFO [Controller id=0 epoch=9] Changed partition plaintext-1 state from NonExistentPartition to NewPartition with assigned replicas 0 (state.change.logger)
[2020-09-25 23:04:35,125] INFO [Controller id=0 epoch=9] Changed partition plaintext-0 state from NonExistentPartition to NewPartition with assigned replicas 0 (state.change.logger)
[2020-09-25 23:04:35,125] INFO [Controller id=0 epoch=9] Sending UpdateMetadata request to brokers Set() for 0 partitions (state.change.logger)
[2020-09-25 23:04:35,128] INFO [Controller id=0 epoch=9] Sending UpdateMetadata request to brokers Set() for 0 partitions (state.change.logger)
[2020-09-25 23:04:35,191] INFO [Controller id=0 epoch=9] Changed partition plaintext-1 from NewPartition to OnlinePartition with state LeaderAndIsr(leader=0, leaderEpoch=0, isr=List(0), zkVersion=0) (state.change.logger)
[2020-09-25 23:04:35,191] INFO [Controller id=0 epoch=9] Changed partition plaintext-0 from NewPartition to OnlinePartition with state LeaderAndIsr(leader=0, leaderEpoch=0, isr=List(0), zkVersion=0) (state.change.logger)
[2020-09-25 23:04:35,191] INFO [Controller id=0 epoch=9] Sending LeaderAndIsr request to broker 0 with 2 become-leader and 0 become-follower partitions (state.change.logger)
[2020-09-25 23:04:35,191] INFO [Controller id=0 epoch=9] Sending UpdateMetadata request to brokers Set(0) for 2 partitions (state.change.logger)
[2020-09-25 23:04:35,192] INFO [Broker id=0] Handling LeaderAndIsr request correlationId 3 from controller 0 for 2 partitions (state.change.logger)
[2020-09-25 23:04:35,193] INFO [Controller id=0 epoch=9] Sending UpdateMetadata request to brokers Set() for 0 partitions (state.change.logger)
[2020-09-25 23:04:35,195] INFO [Broker id=0] Stopped fetchers as part of LeaderAndIsr request correlationId 3 from controller 0 epoch 9 as part of the become-leader transition for 2 partitions (state.change.logger)
[2020-09-25 23:04:35,205] INFO [Broker id=0] Leader plaintext-0 starts at leader epoch 0 from offset 0 with high watermark 0 ISR [0] addingReplicas [] removingReplicas []. Previous leader epoch was -1. (state.change.logger)
[2020-09-25 23:04:35,217] INFO [Broker id=0] Leader plaintext-1 starts at leader epoch 0 from offset 0 with high watermark 0 ISR [0] addingReplicas [] removingReplicas []. Previous leader epoch was -1. (state.change.logger)
[2020-09-25 23:04:35,221] INFO [Broker id=0] Add 2 partitions and deleted 0 partitions from metadata cache in response to UpdateMetadata request sent by controller 0 epoch 9 with correlation id 4 (state.change.logger)
[2020-09-25 23:04:44,788] INFO [Controller id=0 epoch=9] Sending UpdateMetadata request to brokers Set() for 0 partitions (state.change.logger)
